{"/home/v/frontend-project-46/bin/gendiff-comparison.js": {"path":"/home/v/frontend-project-46/bin/gendiff-comparison.js","statementMap":{"0":{"start":{"line":3,"column":19},"end":{"line":3,"column":25}},"1":{"start":{"line":5,"column":18},"end":{"line":5,"column":64}},"2":{"start":{"line":6,"column":27},"end":{"line":6,"column":56}},"3":{"start":{"line":7,"column":21},"end":{"line":28,"column":3}},"4":{"start":{"line":8,"column":17},"end":{"line":26,"column":5}},"5":{"start":{"line":9,"column":6},"end":{"line":9,"column":39}},"6":{"start":{"line":9,"column":29},"end":{"line":9,"column":39}},"7":{"start":{"line":10,"column":40},"end":{"line":10,"column":44}},"8":{"start":{"line":11,"column":6},"end":{"line":25,"column":7}},"9":{"start":{"line":12,"column":8},"end":{"line":12,"column":82}},"10":{"start":{"line":14,"column":11},"end":{"line":25,"column":7}},"11":{"start":{"line":15,"column":8},"end":{"line":15,"column":82}},"12":{"start":{"line":17,"column":11},"end":{"line":25,"column":7}},"13":{"start":{"line":18,"column":8},"end":{"line":18,"column":82}},"14":{"start":{"line":20,"column":11},"end":{"line":25,"column":7}},"15":{"start":{"line":21,"column":8},"end":{"line":24,"column":10}},"16":{"start":{"line":27,"column":4},"end":{"line":27,"column":25}},"17":{"start":{"line":29,"column":23},"end":{"line":29,"column":51}},"18":{"start":{"line":30,"column":2},"end":{"line":30,"column":43}}},"fnMap":{"0":{"name":"(anonymous_0)","decl":{"start":{"line":4,"column":15},"end":{"line":4,"column":16}},"loc":{"start":{"line":4,"column":39},"end":{"line":31,"column":1}},"line":4},"1":{"name":"(anonymous_1)","decl":{"start":{"line":7,"column":21},"end":{"line":7,"column":22}},"loc":{"start":{"line":7,"column":31},"end":{"line":28,"column":3}},"line":7},"2":{"name":"(anonymous_2)","decl":{"start":{"line":8,"column":17},"end":{"line":8,"column":18}},"loc":{"start":{"line":8,"column":32},"end":{"line":26,"column":5}},"line":8}},"branchMap":{"0":{"loc":{"start":{"line":9,"column":6},"end":{"line":9,"column":39}},"type":"if","locations":[{"start":{"line":9,"column":6},"end":{"line":9,"column":39}},{"start":{},"end":{}}],"line":9},"1":{"loc":{"start":{"line":11,"column":6},"end":{"line":25,"column":7}},"type":"if","locations":[{"start":{"line":11,"column":6},"end":{"line":25,"column":7}},{"start":{"line":14,"column":11},"end":{"line":25,"column":7}}],"line":11},"2":{"loc":{"start":{"line":11,"column":10},"end":{"line":11,"column":57}},"type":"binary-expr","locations":[{"start":{"line":11,"column":11},"end":{"line":11,"column":30}},{"start":{"line":11,"column":35},"end":{"line":11,"column":57}}],"line":11},"3":{"loc":{"start":{"line":14,"column":11},"end":{"line":25,"column":7}},"type":"if","locations":[{"start":{"line":14,"column":11},"end":{"line":25,"column":7}},{"start":{"line":17,"column":11},"end":{"line":25,"column":7}}],"line":14},"4":{"loc":{"start":{"line":14,"column":15},"end":{"line":14,"column":62}},"type":"binary-expr","locations":[{"start":{"line":14,"column":15},"end":{"line":14,"column":37}},{"start":{"line":14,"column":42},"end":{"line":14,"column":61}}],"line":14},"5":{"loc":{"start":{"line":17,"column":11},"end":{"line":25,"column":7}},"type":"if","locations":[{"start":{"line":17,"column":11},"end":{"line":25,"column":7}},{"start":{"line":20,"column":11},"end":{"line":25,"column":7}}],"line":17},"6":{"loc":{"start":{"line":17,"column":15},"end":{"line":17,"column":104}},"type":"binary-expr","locations":[{"start":{"line":17,"column":16},"end":{"line":17,"column":35}},{"start":{"line":17,"column":41},"end":{"line":17,"column":60}},{"start":{"line":17,"column":65},"end":{"line":17,"column":104}}],"line":17},"7":{"loc":{"start":{"line":20,"column":11},"end":{"line":25,"column":7}},"type":"if","locations":[{"start":{"line":20,"column":11},"end":{"line":25,"column":7}},{"start":{},"end":{}}],"line":20},"8":{"loc":{"start":{"line":20,"column":15},"end":{"line":20,"column":104}},"type":"binary-expr","locations":[{"start":{"line":20,"column":16},"end":{"line":20,"column":35}},{"start":{"line":20,"column":41},"end":{"line":20,"column":60}},{"start":{"line":20,"column":65},"end":{"line":20,"column":104}}],"line":20}},"s":{"0":1,"1":1,"2":1,"3":1,"4":1,"5":6,"6":1,"7":5,"8":5,"9":2,"10":3,"11":1,"12":2,"13":1,"14":1,"15":1,"16":1,"17":1,"18":1},"f":{"0":1,"1":1,"2":6},"b":{"0":[1,5],"1":[2,3],"2":[5,4],"3":[1,2],"4":[3,1],"5":[1,1],"6":[2,2,2],"7":[1,0],"8":[1,1,1]},"_coverageSchema":"1a1c01bbd47fc00a2c39e90264f33305004495a9","hash":"2512f5f44bdea820493b69394b6f200eb4f151fd"}
,"/home/v/frontend-project-46/bin/gendiff-parse.js": {"path":"/home/v/frontend-project-46/bin/gendiff-parse.js","statementMap":{"0":{"start":{"line":4,"column":15},"end":{"line":4,"column":42}},"1":{"start":{"line":5,"column":14},"end":{"line":5,"column":30}},"2":{"start":{"line":6,"column":2},"end":{"line":6,"column":12}}},"fnMap":{"0":{"name":"(anonymous_0)","decl":{"start":{"line":3,"column":15},"end":{"line":3,"column":16}},"loc":{"start":{"line":3,"column":31},"end":{"line":7,"column":1}},"line":3}},"branchMap":{},"s":{"0":2,"1":2,"2":2},"f":{"0":2},"b":{},"_coverageSchema":"1a1c01bbd47fc00a2c39e90264f33305004495a9","hash":"d51abcff3338a3bbf07bff1f2abf2b0340143e26"}
,"/home/v/frontend-project-46/bin/gendiff.js": {"path":"/home/v/frontend-project-46/bin/gendiff.js","statementMap":{"0":{"start":{"line":8,"column":18},"end":{"line":8,"column":57}},"1":{"start":{"line":11,"column":22},"end":{"line":14,"column":3}},"2":{"start":{"line":12,"column":4},"end":{"line":12,"column":43}},"3":{"start":{"line":12,"column":31},"end":{"line":12,"column":43}},"4":{"start":{"line":13,"column":4},"end":{"line":13,"column":42}},"5":{"start":{"line":15,"column":16},"end":{"line":15,"column":38}},"6":{"start":{"line":16,"column":16},"end":{"line":16,"column":38}},"7":{"start":{"line":17,"column":16},"end":{"line":17,"column":32}},"8":{"start":{"line":18,"column":16},"end":{"line":18,"column":32}},"9":{"start":{"line":19,"column":2},"end":{"line":19,"column":33}},"10":{"start":{"line":22,"column":0},"end":{"line":34,"column":1}},"11":{"start":{"line":23,"column":2},"end":{"line":32,"column":6}},"12":{"start":{"line":30,"column":19},"end":{"line":30,"column":48}},"13":{"start":{"line":31,"column":6},"end":{"line":31,"column":23}},"14":{"start":{"line":33,"column":2},"end":{"line":33,"column":17}}},"fnMap":{"0":{"name":"gendiff","decl":{"start":{"line":10,"column":16},"end":{"line":10,"column":23}},"loc":{"start":{"line":10,"column":46},"end":{"line":20,"column":1}},"line":10},"1":{"name":"(anonymous_1)","decl":{"start":{"line":11,"column":22},"end":{"line":11,"column":23}},"loc":{"start":{"line":11,"column":33},"end":{"line":14,"column":3}},"line":11},"2":{"name":"(anonymous_2)","decl":{"start":{"line":29,"column":12},"end":{"line":29,"column":13}},"loc":{"start":{"line":29,"column":38},"end":{"line":32,"column":5}},"line":29}},"branchMap":{"0":{"loc":{"start":{"line":12,"column":4},"end":{"line":12,"column":43}},"type":"if","locations":[{"start":{"line":12,"column":4},"end":{"line":12,"column":43}},{"start":{},"end":{}}],"line":12},"1":{"loc":{"start":{"line":22,"column":0},"end":{"line":34,"column":1}},"type":"if","locations":[{"start":{"line":22,"column":0},"end":{"line":34,"column":1}},{"start":{},"end":{}}],"line":22}},"s":{"0":1,"1":1,"2":2,"3":2,"4":0,"5":1,"6":1,"7":1,"8":1,"9":1,"10":1,"11":0,"12":0,"13":0,"14":0},"f":{"0":1,"1":2,"2":0},"b":{"0":[2,0],"1":[0,1]},"_coverageSchema":"1a1c01bbd47fc00a2c39e90264f33305004495a9","hash":"5f88bed0c67ff35e59c6d5ad0c4ca5d19fb8ffda"}
}
