TN:
SF:bin/gendiff-comparison.js
FN:4,(anonymous_0)
FN:7,(anonymous_1)
FN:8,(anonymous_2)
FNF:3
FNH:3
FNDA:1,(anonymous_0)
FNDA:1,(anonymous_1)
FNDA:6,(anonymous_2)
DA:3,1
DA:5,1
DA:6,1
DA:7,1
DA:8,1
DA:9,6
DA:10,5
DA:11,5
DA:12,2
DA:14,3
DA:15,1
DA:17,2
DA:18,1
DA:20,1
DA:21,1
DA:27,1
DA:29,1
DA:30,1
LF:18
LH:18
BRDA:9,0,0,1
BRDA:9,0,1,5
BRDA:11,1,0,2
BRDA:11,1,1,3
BRDA:11,2,0,5
BRDA:11,2,1,4
BRDA:14,3,0,1
BRDA:14,3,1,2
BRDA:14,4,0,3
BRDA:14,4,1,1
BRDA:17,5,0,1
BRDA:17,5,1,1
BRDA:17,6,0,2
BRDA:17,6,1,2
BRDA:17,6,2,2
BRDA:20,7,0,1
BRDA:20,7,1,0
BRDA:20,8,0,1
BRDA:20,8,1,1
BRDA:20,8,2,1
BRF:20
BRH:19
end_of_record
TN:
SF:bin/gendiff-parse.js
FN:3,(anonymous_0)
FNF:1
FNH:1
FNDA:2,(anonymous_0)
DA:4,2
DA:5,2
DA:6,2
LF:3
LH:3
BRF:0
BRH:0
end_of_record
TN:
SF:bin/gendiff.js
FN:10,gendiff
FN:11,(anonymous_1)
FN:29,(anonymous_2)
FNF:3
FNH:2
FNDA:1,gendiff
FNDA:2,(anonymous_1)
FNDA:0,(anonymous_2)
DA:8,1
DA:11,1
DA:12,2
DA:13,0
DA:15,1
DA:16,1
DA:17,1
DA:18,1
DA:19,1
DA:22,1
DA:23,0
DA:30,0
DA:31,0
DA:33,0
LF:14
LH:9
BRDA:12,0,0,2
BRDA:12,0,1,0
BRDA:22,1,0,0
BRDA:22,1,1,1
BRF:4
BRH:2
end_of_record
